INFO:     Will watch for changes in these directories: ['C:\\Users\\Marketing\\Desktop\\saas\\biometrico\\biometric-backend']
INFO:     Uvicorn running on http://0.0.0.0:8000 (Press CTRL+C to quit)
INFO:     Started reloader process [15372] using StatReload
INFO:     Started server process [8980]
INFO:     Waiting for application startup.
INFO:     Application startup complete.
WARNING:  StatReload detected changes in 'clear_attendance.py'. Reloading...
INFO:     Shutting down
INFO:     Waiting for application shutdown.
INFO:     Application shutdown complete.
INFO:     Finished server process [8980]
INFO:     Started server process [4124]
INFO:     Waiting for application startup.
INFO:     Application startup complete.
WARNING:  StatReload detected changes in 'clear_attendance.py'. Reloading...
INFO:     Shutting down
INFO:     Waiting for application shutdown.
INFO:     Application shutdown complete.
INFO:     Finished server process [4124]
INFO:     Started server process [17984]
INFO:     Waiting for application startup.
INFO:     Application startup complete.
